CRITICAL - 2024-05-20 08:05:49 --> Undefined index: pun_potongan
#0 /var/www/operasionalabm.site/app/Views/dashboard/kehadiran.php(107): CodeIgniter\Debug\Exceptions->errorHandler(8, 'Undefined index...', '/var/www/operas...', 107, Array)
#1 /var/www/operasionalabm.site/vendor/codeigniter4/framework/system/View/View.php(210): include('/var/www/operas...')
#2 /var/www/operasionalabm.site/vendor/codeigniter4/framework/system/View/View.php(213): CodeIgniter\View\View->CodeIgniter\View\{closure}()
#3 /var/www/operasionalabm.site/vendor/codeigniter4/framework/system/Common.php(1089): CodeIgniter\View\View->render('dashboard/kehad...', Array, true)
#4 /var/www/operasionalabm.site/app/Controllers/Dashboard.php(10212): view('dashboard/kehad...', Array)
#5 /var/www/operasionalabm.site/vendor/codeigniter4/framework/system/CodeIgniter.php(832): App\Controllers\Dashboard->kehadiran()
#6 /var/www/operasionalabm.site/vendor/codeigniter4/framework/system/CodeIgniter.php(419): CodeIgniter\CodeIgniter->runController(Object(App\Controllers\Dashboard))
#7 /var/www/operasionalabm.site/vendor/codeigniter4/framework/system/CodeIgniter.php(326): CodeIgniter\CodeIgniter->handleRequest(NULL, Object(Config\Cache), false)
#8 /var/www/operasionalabm.site/public/index.php(37): CodeIgniter\CodeIgniter->run()
#9 {main}
CRITICAL - 2024-05-20 08:05:56 --> Undefined index: pun_potongan
#0 /var/www/operasionalabm.site/app/Views/dashboard/kehadiran.php(107): CodeIgniter\Debug\Exceptions->errorHandler(8, 'Undefined index...', '/var/www/operas...', 107, Array)
#1 /var/www/operasionalabm.site/vendor/codeigniter4/framework/system/View/View.php(210): include('/var/www/operas...')
#2 /var/www/operasionalabm.site/vendor/codeigniter4/framework/system/View/View.php(213): CodeIgniter\View\View->CodeIgniter\View\{closure}()
#3 /var/www/operasionalabm.site/vendor/codeigniter4/framework/system/Common.php(1089): CodeIgniter\View\View->render('dashboard/kehad...', Array, true)
#4 /var/www/operasionalabm.site/app/Controllers/Dashboard.php(10212): view('dashboard/kehad...', Array)
#5 /var/www/operasionalabm.site/vendor/codeigniter4/framework/system/CodeIgniter.php(832): App\Controllers\Dashboard->kehadiran()
#6 /var/www/operasionalabm.site/vendor/codeigniter4/framework/system/CodeIgniter.php(419): CodeIgniter\CodeIgniter->runController(Object(App\Controllers\Dashboard))
#7 /var/www/operasionalabm.site/vendor/codeigniter4/framework/system/CodeIgniter.php(326): CodeIgniter\CodeIgniter->handleRequest(NULL, Object(Config\Cache), false)
#8 /var/www/operasionalabm.site/public/index.php(37): CodeIgniter\CodeIgniter->run()
#9 {main}
CRITICAL - 2024-05-20 08:06:08 --> Undefined index: pun_potongan
#0 /var/www/operasionalabm.site/app/Views/dashboard/kehadiran.php(107): CodeIgniter\Debug\Exceptions->errorHandler(8, 'Undefined index...', '/var/www/operas...', 107, Array)
#1 /var/www/operasionalabm.site/vendor/codeigniter4/framework/system/View/View.php(210): include('/var/www/operas...')
#2 /var/www/operasionalabm.site/vendor/codeigniter4/framework/system/View/View.php(213): CodeIgniter\View\View->CodeIgniter\View\{closure}()
#3 /var/www/operasionalabm.site/vendor/codeigniter4/framework/system/Common.php(1089): CodeIgniter\View\View->render('dashboard/kehad...', Array, true)
#4 /var/www/operasionalabm.site/app/Controllers/Dashboard.php(10212): view('dashboard/kehad...', Array)
#5 /var/www/operasionalabm.site/vendor/codeigniter4/framework/system/CodeIgniter.php(832): App\Controllers\Dashboard->kehadiran()
#6 /var/www/operasionalabm.site/vendor/codeigniter4/framework/system/CodeIgniter.php(419): CodeIgniter\CodeIgniter->runController(Object(App\Controllers\Dashboard))
#7 /var/www/operasionalabm.site/vendor/codeigniter4/framework/system/CodeIgniter.php(326): CodeIgniter\CodeIgniter->handleRequest(NULL, Object(Config\Cache), false)
#8 /var/www/operasionalabm.site/public/index.php(37): CodeIgniter\CodeIgniter->run()
#9 {main}
