ERROR - 2024-03-30 07:00:09 --> Session: Unable to obtain lock for file '/var/www/operasionalabm.site/writable/session/ci_sessione7latgulqbjoaq7297oahokb9go52c26'.
CRITICAL - 2024-03-30 07:00:09 --> session_start(): Failed to read session data: user (path: /var/www/operasionalabm.site/writable/session)
#0 [internal function]: CodeIgniter\Debug\Exceptions->errorHandler(2, 'session_start()...', '/var/www/operas...', 894, Array)
#1 /var/www/operasionalabm.site/vendor/codeigniter4/framework/system/Session/Session.php(894): session_start()
#2 /var/www/operasionalabm.site/vendor/codeigniter4/framework/system/Session/Session.php(238): CodeIgniter\Session\Session->startSession()
#3 /var/www/operasionalabm.site/vendor/codeigniter4/framework/system/Config/Services.php(577): CodeIgniter\Session\Session->start()
#4 /var/www/operasionalabm.site/vendor/codeigniter4/framework/system/Config/BaseService.php(248): CodeIgniter\Config\Services::session(Object(Config\App), false)
#5 /var/www/operasionalabm.site/vendor/codeigniter4/framework/system/Config/BaseService.php(189): CodeIgniter\Config\BaseService::__callStatic('session', Array)
#6 /var/www/operasionalabm.site/vendor/codeigniter4/framework/system/Config/Services.php(563): CodeIgniter\Config\BaseService::getSharedInstance('session', NULL)
#7 /var/www/operasionalabm.site/vendor/codeigniter4/framework/system/Config/BaseService.php(248): CodeIgniter\Config\Services::session()
#8 /var/www/operasionalabm.site/vendor/codeigniter4/framework/system/Common.php(901): CodeIgniter\Config\BaseService::__callStatic('session', Array)
#9 /var/www/operasionalabm.site/app/Filters/LoginFilter.php(28): session()
#10 /var/www/operasionalabm.site/vendor/codeigniter4/framework/system/Filters/Filters.php(173): App\Filters\LoginFilter->before(Object(CodeIgniter\HTTP\IncomingRequest), NULL)
#11 /var/www/operasionalabm.site/vendor/codeigniter4/framework/system/CodeIgniter.php(393): CodeIgniter\Filters\Filters->run('dashboard/check...', 'before')
#12 /var/www/operasionalabm.site/vendor/codeigniter4/framework/system/CodeIgniter.php(326): CodeIgniter\CodeIgniter->handleRequest(NULL, Object(Config\Cache), false)
#13 /var/www/operasionalabm.site/public/index.php(37): CodeIgniter\CodeIgniter->run()
#14 {main}
ERROR - 2024-03-30 07:00:09 --> Session: Unable to obtain lock for file '/var/www/operasionalabm.site/writable/session/ci_sessione7latgulqbjoaq7297oahokb9go52c26'.
CRITICAL - 2024-03-30 07:00:09 --> session_start(): Failed to read session data: user (path: /var/www/operasionalabm.site/writable/session)
#0 [internal function]: CodeIgniter\Debug\Exceptions->errorHandler(2, 'session_start()...', '/var/www/operas...', 894, Array)
#1 /var/www/operasionalabm.site/vendor/codeigniter4/framework/system/Session/Session.php(894): session_start()
#2 /var/www/operasionalabm.site/vendor/codeigniter4/framework/system/Session/Session.php(238): CodeIgniter\Session\Session->startSession()
#3 /var/www/operasionalabm.site/vendor/codeigniter4/framework/system/Config/Services.php(577): CodeIgniter\Session\Session->start()
#4 /var/www/operasionalabm.site/vendor/codeigniter4/framework/system/Config/BaseService.php(248): CodeIgniter\Config\Services::session(Object(Config\App), false)
#5 /var/www/operasionalabm.site/vendor/codeigniter4/framework/system/Config/BaseService.php(189): CodeIgniter\Config\BaseService::__callStatic('session', Array)
#6 /var/www/operasionalabm.site/vendor/codeigniter4/framework/system/Config/Services.php(563): CodeIgniter\Config\BaseService::getSharedInstance('session', NULL)
#7 /var/www/operasionalabm.site/vendor/codeigniter4/framework/system/Config/BaseService.php(248): CodeIgniter\Config\Services::session()
#8 /var/www/operasionalabm.site/vendor/codeigniter4/framework/system/Common.php(901): CodeIgniter\Config\BaseService::__callStatic('session', Array)
#9 /var/www/operasionalabm.site/app/Filters/LoginFilter.php(28): session()
#10 /var/www/operasionalabm.site/vendor/codeigniter4/framework/system/Filters/Filters.php(173): App\Filters\LoginFilter->before(Object(CodeIgniter\HTTP\IncomingRequest), NULL)
#11 /var/www/operasionalabm.site/vendor/codeigniter4/framework/system/CodeIgniter.php(393): CodeIgniter\Filters\Filters->run('dashboard/check...', 'before')
#12 /var/www/operasionalabm.site/vendor/codeigniter4/framework/system/CodeIgniter.php(326): CodeIgniter\CodeIgniter->handleRequest(NULL, Object(Config\Cache), false)
#13 /var/www/operasionalabm.site/public/index.php(37): CodeIgniter\CodeIgniter->run()
#14 {main}
